-------------------------------------------------------------------------------
Test set: TestSuite
-------------------------------------------------------------------------------
Tests run: 7, Failures: 1, Errors: 0, Skipped: 1, Time elapsed: 0.606 s <<< FAILURE! - in TestSuite
editUser(tests.testing3)  Time elapsed: 0.007 s  <<< FAILURE!
java.lang.AssertionError: 
The following asserts failed:
	verifying element expected [true] but found [false]
	at tests.testing3.editUser(testing3.java:22)

