<?xml version="1.0" encoding="UTF-8"?>
<testsuite xmlns:xsi="http://www.w3.org/2001/XMLSchema-instance" xsi:noNamespaceSchemaLocation="https://maven.apache.org/surefire/maven-surefire-plugin/xsd/surefire-test-report.xsd" name="TestSuite" time="0.606" tests="7" errors="0" skipped="1" failures="1">
  <properties>
[...]
</properties>
  <testcase name="Test1" classname="tests.testing1" time="0.003"/>
  <testcase name="f" classname="tests.testing1" time="0"/>
  <testcase name="f" classname="tests.testing1" time="0"/>
  <testcase name="f" classname="tests.testing2" time="0"/>
  <testcase name="createUser" classname="tests.testing3" time="0.001"/>
  <testcase name="editUser" classname="tests.testing3" time="0.007">
    <failure message="The following asserts failed:&#10;	verifying element expected [true] but found [false]" type="java.lang.AssertionError">java.lang.AssertionError: 
The following asserts failed:
	verifying element expected [true] but found [false]
	at tests.testing3.editUser(testing3.java:22)
</failure>
    <system-out><![CDATA[before asertion
afer
]]></system-out>
  </testcase>
  <testcase name="deletuser" classname="tests.testing3" time="0">
    <skipped message="Method testing3.deletuser()[pri:3, instance:tests.testing3@5d11346a] depends on not successfully finished methods"/>
  </testcase>
</testsuite>